[2023-06-19 00:05:03] INFO root fetch - main [MainThread]: Get Changelog since Serial: [18553114]
[2023-06-19 00:05:07] INFO root fetch - main [MainThread]: Found 5 changed packages
[2023-06-19 00:05:07] INFO root fetch - processPackages [ThreadPoolExecutor-0_0]: Start processing: opgp
[2023-06-19 00:05:07] INFO root fetch - processPackages [ThreadPoolExecutor-0_1]: Start processing: cbra
[2023-06-19 00:05:07] INFO root fetch - processPackages [ThreadPoolExecutor-0_2]: Start processing: solvent
[2023-06-19 00:05:07] INFO root fetch - processPackages [ThreadPoolExecutor-0_3]: Start processing: spectrafit
[2023-06-19 00:05:07] INFO root fetch - processPackages [ThreadPoolExecutor-0_4]: Start processing: adaptivecard
[2023-06-19 00:05:07] WARNING root fetch - processPackages [opgp]: Skipping, unable to determine old version
[2023-06-19 00:05:07] INFO root fetch - main [MainThread]: End processing [opgp] error
[2023-06-19 00:05:07] INFO root fetch - processPackages [solvent]: New version: [23.6.18] Old Version: [23.1.12]
[2023-06-19 00:05:07] INFO root fetch - processPackages [spectrafit]: New version: [1.0.0b2] Old Version: [1.0.0b1]
[2023-06-19 00:05:08] INFO root fetch - processPackages [cbra]: New version: [3.0.0a7] Old Version: [2.0.0a99]
[2023-06-19 00:05:08] INFO root fetch - processPackages [adaptivecard]: New version: [0.0.7] Old Version: [0.0.6]
[2023-06-19 00:05:08] INFO root fetch - processPackages [solvent]: Downloading https://files.pythonhosted.org/packages/fc/87/c931f9a1a5964e479d1c0f63d9c125267ea60ee76a9dfd98c5b4c7f4e1df/solvent-23.1.12.tar.gz
[2023-06-19 00:05:08] INFO root fetch - processPackages [spectrafit]: Downloading https://files.pythonhosted.org/packages/6b/2a/41e9908ead4ca1e1d9d996de0c892d67d060119e8afe804904347a462817/spectrafit-1.0.0b1.tar.gz
[2023-06-19 00:05:08] INFO root fetch - processPackages [cbra]: Downloading https://files.pythonhosted.org/packages/af/88/3a153e5aa2b82ead874b96b5f03840a68acf0a2fd0a8e77b0e770c40e5a0/cbra-2.0.0a99.tar.gz
[2023-06-19 00:05:08] INFO root fetch - processPackages [adaptivecard]: Downloading https://files.pythonhosted.org/packages/a3/29/e36f908fd4d745949aa7191ad7a55db800a66c8df200a540352e5994f343/adaptivecard-0.0.6.tar.gz
[2023-06-19 00:05:08] INFO root fetch - processPackages [solvent]: Downloading https://files.pythonhosted.org/packages/16/dc/0ecb98c1e328a28efff5f5fde37f5102152de2abe619ce76dc34820a9adf/solvent-23.6.18.tar.gz
[2023-06-19 00:05:08] INFO root fetch - processPackages [spectrafit]: Downloading https://files.pythonhosted.org/packages/b0/e6/82afb2b07e68fd939709273d2e78209c65e2ecd4f15dfd661bf36a3c9604/spectrafit-1.0.0b2.tar.gz
[2023-06-19 00:05:08] INFO root fetch - processPackages [adaptivecard]: Downloading https://files.pythonhosted.org/packages/e2/fb/b3af0c1e73a4dbe94c538f4eb26f039b126f1dbf2f324ed6e7f6d1aa0170/adaptivecard-0.0.7.tar.gz
[2023-06-19 00:05:08] INFO root fetch - processPackages [cbra]: Downloading https://files.pythonhosted.org/packages/e3/30/881c6ff6126ad5e84aee92c87271280498b0d03f3c7ad7ca93e0e0fd381b/cbra-3.0.0a7.tar.gz
[2023-06-19 00:05:08] INFO root fetch - processPackages [solvent]: executing diffoscope
[2023-06-19 00:05:08] INFO root fetch - processPackages [solvent]: podman run --user 0:0 --rm -w /home/abi/fetcher -v /home/abi/fetcher/tmp:/home/abi/fetcher/tmp:ro -v /home/abi/fetcher/20230619:/home/abi/fetcher/20230619:rw registry.salsa.debian.org/reproducible-builds/diffoscope --no-progress tmp/solvent-23.1.12.tar.gz tmp/solvent-23.6.18.tar.gz --markdown 20230619/s/solvent/23.1.12-23.6.18/diff.md --exclude *.pyd
[2023-06-19 00:05:08] INFO root fetch - processPackages [spectrafit]: executing diffoscope
[2023-06-19 00:05:08] INFO root fetch - processPackages [spectrafit]: podman run --user 0:0 --rm -w /home/abi/fetcher -v /home/abi/fetcher/tmp:/home/abi/fetcher/tmp:ro -v /home/abi/fetcher/20230619:/home/abi/fetcher/20230619:rw registry.salsa.debian.org/reproducible-builds/diffoscope --no-progress tmp/spectrafit-1.0.0b1.tar.gz tmp/spectrafit-1.0.0b2.tar.gz --markdown 20230619/s/spectrafit/1.0.0b1-1.0.0b2/diff.md --exclude *.pyd
[2023-06-19 00:05:08] INFO root fetch - processPackages [cbra]: executing diffoscope
[2023-06-19 00:05:08] INFO root fetch - processPackages [cbra]: podman run --user 0:0 --rm -w /home/abi/fetcher -v /home/abi/fetcher/tmp:/home/abi/fetcher/tmp:ro -v /home/abi/fetcher/20230619:/home/abi/fetcher/20230619:rw registry.salsa.debian.org/reproducible-builds/diffoscope --no-progress tmp/cbra-2.0.0a99.tar.gz tmp/cbra-3.0.0a7.tar.gz --markdown 20230619/c/cbra/2.0.0a99-3.0.0a7/diff.md --exclude *.pyd
[2023-06-19 00:05:08] INFO root fetch - processPackages [adaptivecard]: executing diffoscope
[2023-06-19 00:05:08] INFO root fetch - processPackages [adaptivecard]: podman run --user 0:0 --rm -w /home/abi/fetcher -v /home/abi/fetcher/tmp:/home/abi/fetcher/tmp:ro -v /home/abi/fetcher/20230619:/home/abi/fetcher/20230619:rw registry.salsa.debian.org/reproducible-builds/diffoscope --no-progress tmp/adaptivecard-0.0.6.tar.gz tmp/adaptivecard-0.0.7.tar.gz --markdown 20230619/a/adaptivecard/0.0.6-0.0.7/diff.md --exclude *.pyd
[2023-06-19 00:05:09] INFO root fetch - processPackages [adaptivecard]: Remove: archive file [/home/abi/fetcher/tmp/adaptivecard-0.0.6.tar.gz]
[2023-06-19 00:05:09] INFO root fetch - processPackages [adaptivecard]: Remove: archive file [/home/abi/fetcher/tmp/adaptivecard-0.0.7.tar.gz]
[2023-06-19 00:05:09] INFO root fetch - main [MainThread]: End processing [adaptivecard]: success
[2023-06-19 00:05:10] INFO root fetch - processPackages [spectrafit]: Remove: archive file [/home/abi/fetcher/tmp/spectrafit-1.0.0b1.tar.gz]
[2023-06-19 00:05:10] INFO root fetch - processPackages [spectrafit]: Remove: archive file [/home/abi/fetcher/tmp/spectrafit-1.0.0b2.tar.gz]
[2023-06-19 00:05:10] INFO root fetch - main [MainThread]: End processing [spectrafit]: success
[2023-06-19 00:05:10] INFO root fetch - processPackages [solvent]: Remove: archive file [/home/abi/fetcher/tmp/solvent-23.1.12.tar.gz]
[2023-06-19 00:05:10] INFO root fetch - processPackages [solvent]: Remove: archive file [/home/abi/fetcher/tmp/solvent-23.6.18.tar.gz]
[2023-06-19 00:05:10] INFO root fetch - main [MainThread]: End processing [solvent]: success
[2023-06-19 00:05:13] INFO root fetch - processPackages [cbra]: Remove: archive file [/home/abi/fetcher/tmp/cbra-2.0.0a99.tar.gz]
[2023-06-19 00:05:13] INFO root fetch - processPackages [cbra]: Remove: archive file [/home/abi/fetcher/tmp/cbra-3.0.0a7.tar.gz]
[2023-06-19 00:05:13] INFO root fetch - main [MainThread]: End processing [cbra]: success
[2023-06-19 00:05:13] INFO root fetch - main [MainThread]: Store serial: [18553131]
[2023-06-19 00:10:17] INFO root fetch - main [MainThread]: Get Changelog since Serial: [18553131]
[2023-06-19 00:10:21] INFO root fetch - main [MainThread]: Found 4 changed packages
[2023-06-19 00:10:21] INFO root fetch - processPackages [ThreadPoolExecutor-0_0]: Start processing: django-hostutils
[2023-06-19 00:10:21] INFO root fetch - processPackages [ThreadPoolExecutor-0_1]: Start processing: django-simple-bulk-emailer
[2023-06-19 00:10:21] INFO root fetch - processPackages [ThreadPoolExecutor-0_2]: Start processing: pythorhead
[2023-06-19 00:10:21] INFO root fetch - processPackages [ThreadPoolExecutor-0_3]: Start processing: splut
[2023-06-19 00:10:21] INFO root fetch - processPackages [django-simple-bulk-emailer]: New version: [0.2.2] Old Version: [0.2.1]
[2023-06-19 00:10:21] INFO root fetch - processPackages [django-hostutils]: New version: [0.0.dev3] Old Version: [0.0.7]
[2023-06-19 00:10:21] INFO root fetch - processPackages [pythorhead]: New version: [0.1.1] Old Version: [0.1.0]
[2023-06-19 00:10:21] INFO root fetch - processPackages [splut]: New version: [8] Old Version: [7]
[2023-06-19 00:10:22] INFO root fetch - processPackages [django-hostutils]: Downloading https://files.pythonhosted.org/packages/e2/e5/ee91fb94041fcf1a0d220227413bda8bc861d6bfb7fedb7845fa4ca0f972/django-hostutils-0.0.7.tar.gz
[2023-06-19 00:10:22] INFO root fetch - processPackages [django-simple-bulk-emailer]: Downloading https://files.pythonhosted.org/packages/84/a5/d6900cd79b9896a8d07508678815c6bd3f48744df275784b330c94afdd6f/django_simple_bulk_emailer-0.2.1.tar.gz
[2023-06-19 00:10:22] INFO root fetch - processPackages [splut]: Downloading https://files.pythonhosted.org/packages/da/18/205d456c3fda3696d77b05341802b5fbeb9027ed87d1983dee5502b7c760/splut-7.tar.gz
[2023-06-19 00:10:22] INFO root fetch - processPackages [pythorhead]: Downloading https://files.pythonhosted.org/packages/7d/73/28725feefe52efd3d57857d5410cdcd02f7759f8ea9afcb43bb43fe4d182/pythorhead-0.1.0.tar.gz
[2023-06-19 00:10:22] INFO root fetch - processPackages [pythorhead]: Downloading https://files.pythonhosted.org/packages/f4/ac/ba85f449124b7211f8a755057901015bec3bf4ef091661cf416847f5671c/pythorhead-0.1.1.tar.gz
[2023-06-19 00:10:22] INFO root fetch - processPackages [django-hostutils]: Downloading https://files.pythonhosted.org/packages/b8/21/220c53f91f40a9994f776fcb48ba454d5e247ac827338fc30b8d738d49aa/django-hostutils-0.0.dev3.tar.gz
[2023-06-19 00:10:22] INFO root fetch - processPackages [django-simple-bulk-emailer]: Downloading https://files.pythonhosted.org/packages/bf/9a/41919249d97e67c88a774c880ba87cf5290b77d95074e99fb6617bc93643/django_simple_bulk_emailer-0.2.2.tar.gz
[2023-06-19 00:10:22] INFO root fetch - processPackages [splut]: Downloading https://files.pythonhosted.org/packages/c6/af/6aa521d9ca6d1d09cf161bedd32cc8a463bdc1184019bbc3a4a97acec0a0/splut-8.tar.gz
[2023-06-19 00:10:22] INFO root fetch - processPackages [pythorhead]: executing diffoscope
[2023-06-19 00:10:22] INFO root fetch - processPackages [pythorhead]: podman run --user 0:0 --rm -w /home/abi/fetcher -v /home/abi/fetcher/tmp:/home/abi/fetcher/tmp:ro -v /home/abi/fetcher/20230619:/home/abi/fetcher/20230619:rw registry.salsa.debian.org/reproducible-builds/diffoscope --no-progress tmp/pythorhead-0.1.0.tar.gz tmp/pythorhead-0.1.1.tar.gz --markdown 20230619/p/pythorhead/0.1.0-0.1.1/diff.md --exclude *.pyd
[2023-06-19 00:10:22] INFO root fetch - processPackages [django-simple-bulk-emailer]: executing diffoscope
[2023-06-19 00:10:22] INFO root fetch - processPackages [django-simple-bulk-emailer]: podman run --user 0:0 --rm -w /home/abi/fetcher -v /home/abi/fetcher/tmp:/home/abi/fetcher/tmp:ro -v /home/abi/fetcher/20230619:/home/abi/fetcher/20230619:rw registry.salsa.debian.org/reproducible-builds/diffoscope --no-progress tmp/django_simple_bulk_emailer-0.2.1.tar.gz tmp/django_simple_bulk_emailer-0.2.2.tar.gz --markdown 20230619/d/django-simple-bulk-emailer/0.2.1-0.2.2/diff.md --exclude *.pyd
[2023-06-19 00:10:22] INFO root fetch - processPackages [splut]: executing diffoscope
[2023-06-19 00:10:22] INFO root fetch - processPackages [splut]: podman run --user 0:0 --rm -w /home/abi/fetcher -v /home/abi/fetcher/tmp:/home/abi/fetcher/tmp:ro -v /home/abi/fetcher/20230619:/home/abi/fetcher/20230619:rw registry.salsa.debian.org/reproducible-builds/diffoscope --no-progress tmp/splut-7.tar.gz tmp/splut-8.tar.gz --markdown 20230619/s/splut/7-8/diff.md --exclude *.pyd
[2023-06-19 00:10:22] INFO root fetch - processPackages [django-hostutils]: executing diffoscope
[2023-06-19 00:10:22] INFO root fetch - processPackages [django-hostutils]: podman run --user 0:0 --rm -w /home/abi/fetcher -v /home/abi/fetcher/tmp:/home/abi/fetcher/tmp:ro -v /home/abi/fetcher/20230619:/home/abi/fetcher/20230619:rw registry.salsa.debian.org/reproducible-builds/diffoscope --no-progress tmp/django-hostutils-0.0.7.tar.gz tmp/django-hostutils-0.0.dev3.tar.gz --markdown 20230619/d/django-hostutils/0.0.7-0.0.dev3/diff.md --exclude *.pyd
[2023-06-19 00:10:23] INFO root fetch - processPackages [pythorhead]: Remove: archive file [/home/abi/fetcher/tmp/pythorhead-0.1.0.tar.gz]
[2023-06-19 00:10:23] INFO root fetch - processPackages [pythorhead]: Remove: archive file [/home/abi/fetcher/tmp/pythorhead-0.1.1.tar.gz]
[2023-06-19 00:10:23] INFO root fetch - main [MainThread]: End processing [pythorhead]: success
[2023-06-19 00:10:23] INFO root fetch - processPackages [splut]: Remove: archive file [/home/abi/fetcher/tmp/splut-7.tar.gz]
[2023-06-19 00:10:23] INFO root fetch - processPackages [splut]: Remove: archive file [/home/abi/fetcher/tmp/splut-8.tar.gz]
[2023-06-19 00:10:23] INFO root fetch - main [MainThread]: End processing [splut]: success
[2023-06-19 00:10:23] INFO root fetch - processPackages [django-simple-bulk-emailer]: Remove: archive file [/home/abi/fetcher/tmp/django_simple_bulk_emailer-0.2.1.tar.gz]
[2023-06-19 00:10:23] INFO root fetch - processPackages [django-simple-bulk-emailer]: Remove: archive file [/home/abi/fetcher/tmp/django_simple_bulk_emailer-0.2.2.tar.gz]
[2023-06-19 00:10:23] INFO root fetch - main [MainThread]: End processing [django-simple-bulk-emailer]: success
[2023-06-19 00:11:20] INFO root fetch - processPackages [django-hostutils]: Remove: archive file [/home/abi/fetcher/tmp/django-hostutils-0.0.7.tar.gz]
[2023-06-19 00:11:20] INFO root fetch - processPackages [django-hostutils]: Remove: archive file [/home/abi/fetcher/tmp/django-hostutils-0.0.dev3.tar.gz]
[2023-06-19 00:11:20] INFO root fetch - main [MainThread]: End processing [django-hostutils]: success
[2023-06-19 00:11:20] INFO root fetch - main [MainThread]: Store serial: [18553143]
[2023-06-19 00:16:24] INFO root fetch - main [MainThread]: Get Changelog since Serial: [18553143]
[2023-06-19 00:16:29] INFO root fetch - main [MainThread]: Found 4 changed packages
[2023-06-19 00:16:29] INFO root fetch - processPackages [ThreadPoolExecutor-0_0]: Start processing: headless
[2023-06-19 00:16:29] INFO root fetch - processPackages [ThreadPoolExecutor-0_1]: Start processing: pyrefact
[2023-06-19 00:16:29] INFO root fetch - processPackages [ThreadPoolExecutor-0_2]: Start processing: mizue
[2023-06-19 00:16:29] INFO root fetch - processPackages [ThreadPoolExecutor-0_3]: Start processing: vanoma-api-utils
[2023-06-19 00:16:29] INFO root fetch - processPackages [vanoma-api-utils]: New version: [0.98.0] Old Version: [0.97.0]
[2023-06-19 00:16:29] INFO root fetch - processPackages [headless]: New version: [2.0.0a9] Old Version: [2.0.0a8]
[2023-06-19 00:16:29] INFO root fetch - processPackages [pyrefact]: New version: [9] Old Version: [83]
[2023-06-19 00:16:29] INFO root fetch - processPackages [mizue]: New version: [0.2.9] Old Version: [0.2.8]
[2023-06-19 00:16:29] INFO root fetch - processPackages [mizue]: Downloading https://files.pythonhosted.org/packages/88/b1/096c14ef8f507b76f46bcd9ec8a0e2a1ec3b38cdeedfbf66618c1da38086/mizue-0.2.8.tar.gz
[2023-06-19 00:16:29] INFO root fetch - processPackages [pyrefact]: Downloading https://files.pythonhosted.org/packages/46/25/15e45f49ba096159e45a226e6ed19b4503c2f4acebd2e7befb9397b03dd0/pyrefact-83.tar.gz
[2023-06-19 00:16:29] INFO root fetch - processPackages [vanoma-api-utils]: Downloading https://files.pythonhosted.org/packages/c5/9b/5fc41a9af41e3b050438832a4178740052af3cd3ea3591c553ca8f80473b/vanoma_api_utils-0.97.0.tar.gz
[2023-06-19 00:16:29] INFO root fetch - processPackages [headless]: Downloading https://files.pythonhosted.org/packages/01/29/f491c1a0644d9df25cc0746859c9830d9b3f44d290ebd1e5de7b756b2490/headless-2.0.0a8.tar.gz
[2023-06-19 00:16:29] INFO root fetch - processPackages [mizue]: Downloading https://files.pythonhosted.org/packages/05/f2/6e61406b7a44ea671ff9553bb2a722a967dda7a3ab49fa6f1125e86a4d63/mizue-0.2.9.tar.gz
[2023-06-19 00:16:29] INFO root fetch - processPackages [mizue]: executing diffoscope
[2023-06-19 00:16:29] INFO root fetch - processPackages [mizue]: podman run --user 0:0 --rm -w /home/abi/fetcher -v /home/abi/fetcher/tmp:/home/abi/fetcher/tmp:ro -v /home/abi/fetcher/20230619:/home/abi/fetcher/20230619:rw registry.salsa.debian.org/reproducible-builds/diffoscope --no-progress tmp/mizue-0.2.8.tar.gz tmp/mizue-0.2.9.tar.gz --markdown 20230619/m/mizue/0.2.8-0.2.9/diff.md --exclude *.pyd
[2023-06-19 00:16:29] INFO root fetch - processPackages [pyrefact]: Downloading https://files.pythonhosted.org/packages/ec/25/07a98c4557e35e22a88708b9a988bbedf69d9c83d14aa843166c1bc82677/pyrefact-9.tar.gz
[2023-06-19 00:16:29] INFO root fetch - processPackages [vanoma-api-utils]: Downloading https://files.pythonhosted.org/packages/7c/9e/f73ed404ce9e60981ee448d39e3b055e19b228be2cfd51966458fc8cdfa4/vanoma_api_utils-0.98.0.tar.gz
[2023-06-19 00:16:29] INFO root fetch - processPackages [headless]: Downloading https://files.pythonhosted.org/packages/db/4e/49b62296a404c0b751546e8c9091d5f19f25932fffbf24e6927b8888f3d2/headless-2.0.0a9.tar.gz
[2023-06-19 00:16:29] INFO root fetch - processPackages [pyrefact]: executing diffoscope
[2023-06-19 00:16:29] INFO root fetch - processPackages [pyrefact]: podman run --user 0:0 --rm -w /home/abi/fetcher -v /home/abi/fetcher/tmp:/home/abi/fetcher/tmp:ro -v /home/abi/fetcher/20230619:/home/abi/fetcher/20230619:rw registry.salsa.debian.org/reproducible-builds/diffoscope --no-progress tmp/pyrefact-83.tar.gz tmp/pyrefact-9.tar.gz --markdown 20230619/p/pyrefact/83-9/diff.md --exclude *.pyd
[2023-06-19 00:16:29] INFO root fetch - processPackages [vanoma-api-utils]: executing diffoscope
[2023-06-19 00:16:29] INFO root fetch - processPackages [vanoma-api-utils]: podman run --user 0:0 --rm -w /home/abi/fetcher -v /home/abi/fetcher/tmp:/home/abi/fetcher/tmp:ro -v /home/abi/fetcher/20230619:/home/abi/fetcher/20230619:rw registry.salsa.debian.org/reproducible-builds/diffoscope --no-progress tmp/vanoma_api_utils-0.97.0.tar.gz tmp/vanoma_api_utils-0.98.0.tar.gz --markdown 20230619/v/vanoma-api-utils/0.97.0-0.98.0/diff.md --exclude *.pyd
[2023-06-19 00:16:29] INFO root fetch - processPackages [headless]: executing diffoscope
[2023-06-19 00:16:29] INFO root fetch - processPackages [headless]: podman run --user 0:0 --rm -w /home/abi/fetcher -v /home/abi/fetcher/tmp:/home/abi/fetcher/tmp:ro -v /home/abi/fetcher/20230619:/home/abi/fetcher/20230619:rw registry.salsa.debian.org/reproducible-builds/diffoscope --no-progress tmp/headless-2.0.0a8.tar.gz tmp/headless-2.0.0a9.tar.gz --markdown 20230619/h/headless/2.0.0a8-2.0.0a9/diff.md --exclude *.pyd
[2023-06-19 00:16:30] INFO root fetch - processPackages [mizue]: Remove: archive file [/home/abi/fetcher/tmp/mizue-0.2.8.tar.gz]
[2023-06-19 00:16:30] INFO root fetch - processPackages [mizue]: Remove: archive file [/home/abi/fetcher/tmp/mizue-0.2.9.tar.gz]
[2023-06-19 00:16:30] INFO root fetch - main [MainThread]: End processing [mizue]: success
[2023-06-19 00:16:30] INFO root fetch - processPackages [pyrefact]: Remove: archive file [/home/abi/fetcher/tmp/pyrefact-83.tar.gz]
[2023-06-19 00:16:30] INFO root fetch - processPackages [pyrefact]: Remove: archive file [/home/abi/fetcher/tmp/pyrefact-9.tar.gz]
[2023-06-19 00:16:30] INFO root fetch - main [MainThread]: End processing [pyrefact]: success
[2023-06-19 00:16:30] INFO root fetch - processPackages [vanoma-api-utils]: Remove: archive file [/home/abi/fetcher/tmp/vanoma_api_utils-0.97.0.tar.gz]
[2023-06-19 00:16:30] INFO root fetch - processPackages [vanoma-api-utils]: Remove: archive file [/home/abi/fetcher/tmp/vanoma_api_utils-0.98.0.tar.gz]
[2023-06-19 00:16:30] INFO root fetch - main [MainThread]: End processing [vanoma-api-utils]: success
[2023-06-19 00:16:31] INFO root fetch - processPackages [headless]: Remove: archive file [/home/abi/fetcher/tmp/headless-2.0.0a8.tar.gz]
[2023-06-19 00:16:31] INFO root fetch - processPackages [headless]: Remove: archive file [/home/abi/fetcher/tmp/headless-2.0.0a9.tar.gz]
[2023-06-19 00:16:31] INFO root fetch - main [MainThread]: End processing [headless]: success
[2023-06-19 00:16:31] INFO root fetch - main [MainThread]: Store serial: [18553154]
